0 verbose cli C:\Program Files\nodejs\node.exe C:\Program Files\nodejs\node_modules\npm\bin\npm-cli.js
1 info using npm@8.11.0
2 info using node@v18.3.0
3 timing npm:load:whichnode Completed in 2ms
4 timing config:load:defaults Completed in 7ms
5 timing config:load:file:C:\Program Files\nodejs\node_modules\npm\npmrc Completed in 42ms
6 timing config:load:builtin Completed in 44ms
7 timing config:load:cli Completed in 7ms
8 warn config tmp This setting is no longer used.  npm stores temporary files in a special
8 warn config location in the cache, and they are managed by
8 warn config     [`cacache`](http://npm.im/cacache).
9 timing config:load:env Completed in 5ms
10 timing config:load:file:C:\Users\USER\Desktop\singupform\registrationapp\.npmrc Completed in 1ms
11 timing config:load:project Completed in 9ms
12 timing config:load:file:C:\Users\USER\.npmrc Completed in 1ms
13 timing config:load:user Completed in 1ms
14 timing config:load:file:C:\Users\USER\Desktop\singupform\registrationapp\npm\etc\npmrc Completed in 1ms
15 timing config:load:global Completed in 1ms
16 timing config:load:validate Completed in 3ms
17 timing config:load:credentials Completed in 3ms
18 timing config:load:setEnvs Completed in 4ms
19 timing config:load Completed in 90ms
20 timing npm:load:configload Completed in 91ms
21 timing npm:load:mkdirpcache Completed in 3ms
22 timing npm:load:mkdirplogs Completed in 2ms
23 verbose title npm run build
24 verbose argv "run" "build"
25 timing npm:load:setTitle Completed in 5ms
26 timing config:load:flatten Completed in 15ms
27 timing npm:load:display Completed in 24ms
28 verbose logfile logs-max:10 dir:C:\Users\USER\Desktop\singupform\registrationapp\npm\cache\_logs
29 verbose logfile C:\Users\USER\Desktop\singupform\registrationapp\npm\cache\_logs\2022-12-09T12_21_20_108Z-debug-0.log
30 timing npm:load:logFile Completed in 37ms
31 timing npm:load:timers Completed in 2ms
32 timing npm:load:configScope Completed in 0ms
33 timing npm:load Completed in 167ms
34 silly logfile start cleaning logs, removing 2 files
35 silly logfile done cleaning log files
36 timing command:run Completed in 155870ms
37 verbose exit 0
38 timing npm Completed in 156147ms
39 info ok
